<?xml version="1.0" encoding="UTF-8"?>
<testsuite name="AllChangeCollector.AppTest" tests="1" skipped="0" failures="0" errors="0" timestamp="2022-02-10T12:55:39" hostname="heojeonghyeon-ui-MacBookPro.local" time="0.009">
  <properties/>
  <testcase name="appHasAGreeting()" classname="AllChangeCollector.AppTest" time="0.009"/>
  <system-out><![CDATA[]]></system-out>
  <system-err><![CDATA[]]></system-err>
</testsuite>
