<?xml version="1.0" encoding="UTF-8"?>
<testsuite name="AllChangeCollector.AppTest" tests="1" skipped="0" failures="0" errors="0" timestamp="2022-04-26T06:21:28" hostname="heojeonghyeon-ui-MacBookPro.local" time="0.015">
  <properties/>
  <testcase name="appHasAGreeting()" classname="AllChangeCollector.AppTest" time="0.015"/>
  <system-out><![CDATA[]]></system-out>
  <system-err><![CDATA[]]></system-err>
</testsuite>
