<?xml version="1.0" encoding="UTF-8"?>
<testsuite name="AllChangeCollector.AppTest" tests="1" skipped="0" failures="0" errors="0" timestamp="2022-02-11T00:52:09" hostname="heojeonghyeons-MacBook-Pro.local" time="0.021">
  <properties/>
  <testcase name="appHasAGreeting()" classname="AllChangeCollector.AppTest" time="0.021"/>
  <system-out><![CDATA[]]></system-out>
  <system-err><![CDATA[]]></system-err>
</testsuite>
